<?xml version="1.0" encoding="UTF-8"?>
<testsuite name="cl.tenpo.learning.reactive.tasks.task1.T1Question1Test" tests="7" skipped="0" failures="0" errors="0" timestamp="2025-04-03T14:18:28" hostname="MARGUA0225M" time="0.588">
  <properties/>
  <testcase name="PREGUNTA 1C - El servicio devuelve un registro" classname="cl.tenpo.learning.reactive.tasks.task1.T1Question1Test" time="0.555"/>
  <testcase name="PREGUNTA 1C - El servicio devuelve un vacío" classname="cl.tenpo.learning.reactive.tasks.task1.T1Question1Test" time="0.006"/>
  <testcase name="PREGUNTA 1C - El servicio arroja un error" classname="cl.tenpo.learning.reactive.tasks.task1.T1Question1Test" time="0.005"/>
  <testcase name="PREGUNTA 1B - Nombre existe en la DB" classname="cl.tenpo.learning.reactive.tasks.task1.T1Question1Test" time="0.005"/>
  <testcase name="PREGUNTA 1B - Nombre no existe en la DB" classname="cl.tenpo.learning.reactive.tasks.task1.T1Question1Test" time="0.004"/>
  <testcase name="PREGUNTA 1A - Nombre arranca con A" classname="cl.tenpo.learning.reactive.tasks.task1.T1Question1Test" time="0.004"/>
  <testcase name="PREGUNTA 1A - Nombre arranca con M" classname="cl.tenpo.learning.reactive.tasks.task1.T1Question1Test" time="0.002"/>
  <system-out><![CDATA[[Test worker] 2025-04-03 11:18:29 ?[34mINFO ?[0;39m ?[36mr.M.P.1?[0;39m - | onSubscribe([Fuseable] MonoPeekTerminal.MonoTerminalPeekSubscriber) 
[Test worker] 2025-04-03 11:18:29 ?[34mINFO ?[0;39m ?[36mr.M.P.1?[0;39m - | request(unbounded) 
[Test worker] 2025-04-03 11:18:29 ?[34mINFO ?[0;39m ?[36mc.t.l.r.t.t.T1Question1?[0;39m - Starting question1C for name: Juan 
[Test worker] 2025-04-03 11:18:29 ?[34mINFO ?[0;39m ?[36mc.t.l.r.t.t.T1Question1?[0;39m - Finished question1C with result: Juan 
[Test worker] 2025-04-03 11:18:29 ?[34mINFO ?[0;39m ?[36mr.M.P.1?[0;39m - | onNext(Juan) 
[Test worker] 2025-04-03 11:18:29 ?[34mINFO ?[0;39m ?[36mr.M.P.1?[0;39m - | onComplete() 
[Test worker] 2025-04-03 11:18:29 ?[34mINFO ?[0;39m ?[36mr.M.P.2?[0;39m - | onSubscribe([Fuseable] MonoPeekTerminal.MonoTerminalPeekSubscriber) 
[Test worker] 2025-04-03 11:18:29 ?[34mINFO ?[0;39m ?[36mr.M.P.2?[0;39m - | request(unbounded) 
[Test worker] 2025-04-03 11:18:29 ?[34mINFO ?[0;39m ?[36mc.t.l.r.t.t.T1Question1?[0;39m - Starting question1C for name: Juan 
[Test worker] 2025-04-03 11:18:29 ?[1;31mERROR?[0;39m ?[36mc.t.l.r.t.t.T1Question1?[0;39m - Question1C failed with error null 
[Test worker] 2025-04-03 11:18:29 ?[1;31mERROR?[0;39m ?[36mr.M.P.2?[0;39m - | onError(cl.tenpo.learning.reactive.utils.exception.ResourceNotFoundException) 
[Test worker] 2025-04-03 11:18:29 ?[1;31mERROR?[0;39m ?[36mr.M.P.2?[0;39m -  
cl.tenpo.learning.reactive.utils.exception.ResourceNotFoundException: null
	at cl.tenpo.learning.reactive.tasks.task1.T1Question1.lambda$question1C$10(T1Question1.java:45)
	at reactor.core.publisher.MonoDefer.subscribe(MonoDefer.java:45)
	at reactor.core.publisher.Mono.subscribe(Mono.java:4576)
	at reactor.core.publisher.FluxSwitchIfEmpty$SwitchIfEmptySubscriber.onComplete(FluxSwitchIfEmpty.java:82)
	at reactor.core.publisher.MonoFlatMap$FlatMapMain.onNext(MonoFlatMap.java:155)
	at reactor.core.publisher.FluxPeekFuseable$PeekFuseableSubscriber.onNext(FluxPeekFuseable.java:210)
	at reactor.core.publisher.Operators$ScalarSubscription.request(Operators.java:2571)
	at reactor.core.publisher.FluxPeekFuseable$PeekFuseableSubscriber.request(FluxPeekFuseable.java:144)
	at reactor.core.publisher.MonoFlatMap$FlatMapMain.request(MonoFlatMap.java:194)
	at reactor.core.publisher.Operators$MultiSubscriptionSubscriber.set(Operators.java:2367)
	at reactor.core.publisher.Operators$MultiSubscriptionSubscriber.onSubscribe(Operators.java:2241)
	at reactor.core.publisher.MonoFlatMap$FlatMapMain.onSubscribe(MonoFlatMap.java:117)
	at reactor.core.publisher.FluxPeekFuseable$PeekFuseableSubscriber.onSubscribe(FluxPeekFuseable.java:178)
	at reactor.core.publisher.MonoJust.subscribe(MonoJust.java:55)
	at reactor.core.publisher.Mono.subscribe(Mono.java:4576)
	at reactor.test.DefaultStepVerifierBuilder$DefaultStepVerifier.toVerifierAndSubscribe(DefaultStepVerifierBuilder.java:891)
	at reactor.test.DefaultStepVerifierBuilder$DefaultStepVerifier.verify(DefaultStepVerifierBuilder.java:831)
	at reactor.test.DefaultStepVerifierBuilder$DefaultStepVerifier.verify(DefaultStepVerifierBuilder.java:823)
	at reactor.test.DefaultStepVerifierBuilder.verifyError(DefaultStepVerifierBuilder.java:670)
	at cl.tenpo.learning.reactive.tasks.task1.T1Question1Test.question1_c_uc2_test(T1Question1Test.java:136)
	at java.base/jdk.internal.reflect.DirectMethodHandleAccessor.invoke(DirectMethodHandleAccessor.java:103)
	at java.base/java.lang.reflect.Method.invoke(Method.java:580)
	at org.junit.platform.commons.util.ReflectionUtils.invokeMethod(ReflectionUtils.java:728)
	at org.junit.jupiter.engine.execution.MethodInvocation.proceed(MethodInvocation.java:60)
	at org.junit.jupiter.engine.execution.InvocationInterceptorChain$ValidatingInvocation.proceed(InvocationInterceptorChain.java:131)
	at org.junit.jupiter.engine.extension.TimeoutExtension.intercept(TimeoutExtension.java:156)
	at org.junit.jupiter.engine.extension.TimeoutExtension.interceptTestableMethod(TimeoutExtension.java:147)
	at org.junit.jupiter.engine.extension.TimeoutExtension.interceptTestMethod(TimeoutExtension.java:86)
	at org.junit.jupiter.engine.execution.InterceptingExecutableInvoker$ReflectiveInterceptorCall.lambda$ofVoidMethod$0(InterceptingExecutableInvoker.java:103)
	at org.junit.jupiter.engine.execution.InterceptingExecutableInvoker.lambda$invoke$0(InterceptingExecutableInvoker.java:93)
	at org.junit.jupiter.engine.execution.InvocationInterceptorChain$InterceptedInvocation.proceed(InvocationInterceptorChain.java:106)
	at org.junit.jupiter.engine.execution.InvocationInterceptorChain.proceed(InvocationInterceptorChain.java:64)
	at org.junit.jupiter.engine.execution.InvocationInterceptorChain.chainAndInvoke(InvocationInterceptorChain.java:45)
	at org.junit.jupiter.engine.execution.InvocationInterceptorChain.invoke(InvocationInterceptorChain.java:37)
	at org.junit.jupiter.engine.execution.InterceptingExecutableInvoker.invoke(InterceptingExecutableInvoker.java:92)
	at org.junit.jupiter.engine.execution.InterceptingExecutableInvoker.invoke(InterceptingExecutableInvoker.java:86)
	at org.junit.jupiter.engine.descriptor.TestMethodTestDescriptor.lambda$invokeTestMethod$7(TestMethodTestDescriptor.java:218)
	at org.junit.platform.engine.support.hierarchical.ThrowableCollector.execute(ThrowableCollector.java:73)
	at org.junit.jupiter.engine.descriptor.TestMethodTestDescriptor.invokeTestMethod(TestMethodTestDescriptor.java:214)
	at org.junit.jupiter.engine.descriptor.TestMethodTestDescriptor.execute(TestMethodTestDescriptor.java:139)
	at org.junit.jupiter.engine.descriptor.TestMethodTestDescriptor.execute(TestMethodTestDescriptor.java:69)
	at org.junit.platform.engine.support.hierarchical.NodeTestTask.lambda$executeRecursively$6(NodeTestTask.java:151)
	at org.junit.platform.engine.support.hierarchical.ThrowableCollector.execute(ThrowableCollector.java:73)
	at org.junit.platform.engine.support.hierarchical.NodeTestTask.lambda$executeRecursively$8(NodeTestTask.java:141)
	at org.junit.platform.engine.support.hierarchical.Node.around(Node.java:137)
	at org.junit.platform.engine.support.hierarchical.NodeTestTask.lambda$executeRecursively$9(NodeTestTask.java:139)
	at org.junit.platform.engine.support.hierarchical.ThrowableCollector.execute(ThrowableCollector.java:73)
	at org.junit.platform.engine.support.hierarchical.NodeTestTask.executeRecursively(NodeTestTask.java:138)
	at org.junit.platform.engine.support.hierarchical.NodeTestTask.execute(NodeTestTask.java:95)
	at java.base/java.util.ArrayList.forEach(ArrayList.java:1596)
	at org.junit.platform.engine.support.hierarchical.SameThreadHierarchicalTestExecutorService.invokeAll(SameThreadHierarchicalTestExecutorService.java:41)
	at org.junit.platform.engine.support.hierarchical.NodeTestTask.lambda$executeRecursively$6(NodeTestTask.java:155)
	at org.junit.platform.engine.support.hierarchical.ThrowableCollector.execute(ThrowableCollector.java:73)
	at org.junit.platform.engine.support.hierarchical.NodeTestTask.lambda$executeRecursively$8(NodeTestTask.java:141)
	at org.junit.platform.engine.support.hierarchical.Node.around(Node.java:137)
	at org.junit.platform.engine.support.hierarchical.NodeTestTask.lambda$executeRecursively$9(NodeTestTask.java:139)
	at org.junit.platform.engine.support.hierarchical.ThrowableCollector.execute(ThrowableCollector.java:73)
	at org.junit.platform.engine.support.hierarchical.NodeTestTask.executeRecursively(NodeTestTask.java:138)
	at org.junit.platform.engine.support.hierarchical.NodeTestTask.execute(NodeTestTask.java:95)
	at java.base/java.util.ArrayList.forEach(ArrayList.java:1596)
	at org.junit.platform.engine.support.hierarchical.SameThreadHierarchicalTestExecutorService.invokeAll(SameThreadHierarchicalTestExecutorService.java:41)
	at org.junit.platform.engine.support.hierarchical.NodeTestTask.lambda$executeRecursively$6(NodeTestTask.java:155)
	at org.junit.platform.engine.support.hierarchical.ThrowableCollector.execute(ThrowableCollector.java:73)
	at org.junit.platform.engine.support.hierarchical.NodeTestTask.lambda$executeRecursively$8(NodeTestTask.java:141)
	at org.junit.platform.engine.support.hierarchical.Node.around(Node.java:137)
	at org.junit.platform.engine.support.hierarchical.NodeTestTask.lambda$executeRecursively$9(NodeTestTask.java:139)
	at org.junit.platform.engine.support.hierarchical.ThrowableCollector.execute(ThrowableCollector.java:73)
	at org.junit.platform.engine.support.hierarchical.NodeTestTask.executeRecursively(NodeTestTask.java:138)
	at org.junit.platform.engine.support.hierarchical.NodeTestTask.execute(NodeTestTask.java:95)
	at org.junit.platform.engine.support.hierarchical.SameThreadHierarchicalTestExecutorService.submit(SameThreadHierarchicalTestExecutorService.java:35)
	at org.junit.platform.engine.support.hierarchical.HierarchicalTestExecutor.execute(HierarchicalTestExecutor.java:57)
	at org.junit.platform.engine.support.hierarchical.HierarchicalTestEngine.execute(HierarchicalTestEngine.java:54)
	at org.junit.platform.launcher.core.EngineExecutionOrchestrator.execute(EngineExecutionOrchestrator.java:107)
	at org.junit.platform.launcher.core.EngineExecutionOrchestrator.execute(EngineExecutionOrchestrator.java:88)
	at org.junit.platform.launcher.core.EngineExecutionOrchestrator.lambda$execute$0(EngineExecutionOrchestrator.java:54)
	at org.junit.platform.launcher.core.EngineExecutionOrchestrator.withInterceptedStreams(EngineExecutionOrchestrator.java:67)
	at org.junit.platform.launcher.core.EngineExecutionOrchestrator.execute(EngineExecutionOrchestrator.java:52)
	at org.junit.platform.launcher.core.DefaultLauncher.execute(DefaultLauncher.java:114)
	at org.junit.platform.launcher.core.DefaultLauncher.execute(DefaultLauncher.java:86)
	at org.junit.platform.launcher.core.DefaultLauncherSession$DelegatingLauncher.execute(DefaultLauncherSession.java:86)
	at org.gradle.api.internal.tasks.testing.junitplatform.JUnitPlatformTestClassProcessor$CollectAllTestClassesExecutor.processAllTestClasses(JUnitPlatformTestClassProcessor.java:124)
	at org.gradle.api.internal.tasks.testing.junitplatform.JUnitPlatformTestClassProcessor$CollectAllTestClassesExecutor.access$000(JUnitPlatformTestClassProcessor.java:99)
	at org.gradle.api.internal.tasks.testing.junitplatform.JUnitPlatformTestClassProcessor.stop(JUnitPlatformTestClassProcessor.java:94)
	at org.gradle.api.internal.tasks.testing.SuiteTestClassProcessor.stop(SuiteTestClassProcessor.java:63)
	at java.base/jdk.internal.reflect.DirectMethodHandleAccessor.invoke(DirectMethodHandleAccessor.java:103)
	at java.base/java.lang.reflect.Method.invoke(Method.java:580)
	at org.gradle.internal.dispatch.ReflectionDispatch.dispatch(ReflectionDispatch.java:36)
	at org.gradle.internal.dispatch.ReflectionDispatch.dispatch(ReflectionDispatch.java:24)
	at org.gradle.internal.dispatch.ContextClassLoaderDispatch.dispatch(ContextClassLoaderDispatch.java:33)
	at org.gradle.internal.dispatch.ProxyDispatchAdapter$DispatchingInvocationHandler.invoke(ProxyDispatchAdapter.java:92)
	at jdk.proxy1/jdk.proxy1.$Proxy4.stop(Unknown Source)
	at org.gradle.api.internal.tasks.testing.worker.TestWorker$3.run(TestWorker.java:200)
	at org.gradle.api.internal.tasks.testing.worker.TestWorker.executeAndMaintainThreadName(TestWorker.java:132)
	at org.gradle.api.internal.tasks.testing.worker.TestWorker.execute(TestWorker.java:103)
	at org.gradle.api.internal.tasks.testing.worker.TestWorker.execute(TestWorker.java:63)
	at org.gradle.process.internal.worker.child.ActionExecutionWorker.execute(ActionExecutionWorker.java:56)
	at org.gradle.process.internal.worker.child.SystemApplicationClassLoaderWorker.call(SystemApplicationClassLoaderWorker.java:121)
	at org.gradle.process.internal.worker.child.SystemApplicationClassLoaderWorker.call(SystemApplicationClassLoaderWorker.java:71)
	at worker.org.gradle.process.internal.worker.GradleWorkerMain.run(GradleWorkerMain.java:69)
	at worker.org.gradle.process.internal.worker.GradleWorkerMain.main(GradleWorkerMain.java:74)
[Test worker] 2025-04-03 11:18:29 ?[34mINFO ?[0;39m ?[36mr.M.P.3?[0;39m - | onSubscribe([Fuseable] MonoPeekTerminal.MonoTerminalPeekSubscriber) 
[Test worker] 2025-04-03 11:18:29 ?[34mINFO ?[0;39m ?[36mr.M.P.3?[0;39m - | request(unbounded) 
[Test worker] 2025-04-03 11:18:29 ?[34mINFO ?[0;39m ?[36mc.t.l.r.t.t.T1Question1?[0;39m - Starting question1C for name: Juan 
[Test worker] 2025-04-03 11:18:29 ?[1;31mERROR?[0;39m ?[36mc.t.l.r.t.t.T1Question1?[0;39m - Question1C failed with error null 
[Test worker] 2025-04-03 11:18:29 ?[1;31mERROR?[0;39m ?[36mr.M.P.3?[0;39m - | onError(cl.tenpo.learning.reactive.utils.exception.UserServiceException) 
[Test worker] 2025-04-03 11:18:29 ?[1;31mERROR?[0;39m ?[36mr.M.P.3?[0;39m -  
cl.tenpo.learning.reactive.utils.exception.UserServiceException: null
	at cl.tenpo.learning.reactive.tasks.task1.T1Question1.lambda$question1C$11(T1Question1.java:48)
	at reactor.core.publisher.Mono.lambda$onErrorMap$29(Mono.java:3862)
	at reactor.core.publisher.FluxOnErrorResume$ResumeSubscriber.onError(FluxOnErrorResume.java:94)
	at reactor.core.publisher.Operators$MultiSubscriptionSubscriber.onError(Operators.java:2236)
	at reactor.core.publisher.MonoFlatMap$FlatMapMain.onNext(MonoFlatMap.java:149)
	at reactor.core.publisher.FluxPeekFuseable$PeekFuseableSubscriber.onNext(FluxPeekFuseable.java:210)
	at reactor.core.publisher.Operators$ScalarSubscription.request(Operators.java:2571)
	at reactor.core.publisher.FluxPeekFuseable$PeekFuseableSubscriber.request(FluxPeekFuseable.java:144)
	at reactor.core.publisher.MonoFlatMap$FlatMapMain.request(MonoFlatMap.java:194)
	at reactor.core.publisher.Operators$MultiSubscriptionSubscriber.set(Operators.java:2367)
	at reactor.core.publisher.Operators$MultiSubscriptionSubscriber.onSubscribe(Operators.java:2241)
	at reactor.core.publisher.MonoFlatMap$FlatMapMain.onSubscribe(MonoFlatMap.java:117)
	at reactor.core.publisher.FluxPeekFuseable$PeekFuseableSubscriber.onSubscribe(FluxPeekFuseable.java:178)
	at reactor.core.publisher.MonoJust.subscribe(MonoJust.java:55)
	at reactor.core.publisher.Mono.subscribe(Mono.java:4576)
	at reactor.test.DefaultStepVerifierBuilder$DefaultStepVerifier.toVerifierAndSubscribe(DefaultStepVerifierBuilder.java:891)
	at reactor.test.DefaultStepVerifierBuilder$DefaultStepVerifier.verify(DefaultStepVerifierBuilder.java:831)
	at reactor.test.DefaultStepVerifierBuilder$DefaultStepVerifier.verify(DefaultStepVerifierBuilder.java:823)
	at reactor.test.DefaultStepVerifierBuilder.verifyError(DefaultStepVerifierBuilder.java:670)
	at cl.tenpo.learning.reactive.tasks.task1.T1Question1Test.question1_c_uc3_test(T1Question1Test.java:153)
	at java.base/jdk.internal.reflect.DirectMethodHandleAccessor.invoke(DirectMethodHandleAccessor.java:103)
	at java.base/java.lang.reflect.Method.invoke(Method.java:580)
	at org.junit.platform.commons.util.ReflectionUtils.invokeMethod(ReflectionUtils.java:728)
	at org.junit.jupiter.engine.execution.MethodInvocation.proceed(MethodInvocation.java:60)
	at org.junit.jupiter.engine.execution.InvocationInterceptorChain$ValidatingInvocation.proceed(InvocationInterceptorChain.java:131)
	at org.junit.jupiter.engine.extension.TimeoutExtension.intercept(TimeoutExtension.java:156)
	at org.junit.jupiter.engine.extension.TimeoutExtension.interceptTestableMethod(TimeoutExtension.java:147)
	at org.junit.jupiter.engine.extension.TimeoutExtension.interceptTestMethod(TimeoutExtension.java:86)
	at org.junit.jupiter.engine.execution.InterceptingExecutableInvoker$ReflectiveInterceptorCall.lambda$ofVoidMethod$0(InterceptingExecutableInvoker.java:103)
	at org.junit.jupiter.engine.execution.InterceptingExecutableInvoker.lambda$invoke$0(InterceptingExecutableInvoker.java:93)
	at org.junit.jupiter.engine.execution.InvocationInterceptorChain$InterceptedInvocation.proceed(InvocationInterceptorChain.java:106)
	at org.junit.jupiter.engine.execution.InvocationInterceptorChain.proceed(InvocationInterceptorChain.java:64)
	at org.junit.jupiter.engine.execution.InvocationInterceptorChain.chainAndInvoke(InvocationInterceptorChain.java:45)
	at org.junit.jupiter.engine.execution.InvocationInterceptorChain.invoke(InvocationInterceptorChain.java:37)
	at org.junit.jupiter.engine.execution.InterceptingExecutableInvoker.invoke(InterceptingExecutableInvoker.java:92)
	at org.junit.jupiter.engine.execution.InterceptingExecutableInvoker.invoke(InterceptingExecutableInvoker.java:86)
	at org.junit.jupiter.engine.descriptor.TestMethodTestDescriptor.lambda$invokeTestMethod$7(TestMethodTestDescriptor.java:218)
	at org.junit.platform.engine.support.hierarchical.ThrowableCollector.execute(ThrowableCollector.java:73)
	at org.junit.jupiter.engine.descriptor.TestMethodTestDescriptor.invokeTestMethod(TestMethodTestDescriptor.java:214)
	at org.junit.jupiter.engine.descriptor.TestMethodTestDescriptor.execute(TestMethodTestDescriptor.java:139)
	at org.junit.jupiter.engine.descriptor.TestMethodTestDescriptor.execute(TestMethodTestDescriptor.java:69)
	at org.junit.platform.engine.support.hierarchical.NodeTestTask.lambda$executeRecursively$6(NodeTestTask.java:151)
	at org.junit.platform.engine.support.hierarchical.ThrowableCollector.execute(ThrowableCollector.java:73)
	at org.junit.platform.engine.support.hierarchical.NodeTestTask.lambda$executeRecursively$8(NodeTestTask.java:141)
	at org.junit.platform.engine.support.hierarchical.Node.around(Node.java:137)
	at org.junit.platform.engine.support.hierarchical.NodeTestTask.lambda$executeRecursively$9(NodeTestTask.java:139)
	at org.junit.platform.engine.support.hierarchical.ThrowableCollector.execute(ThrowableCollector.java:73)
	at org.junit.platform.engine.support.hierarchical.NodeTestTask.executeRecursively(NodeTestTask.java:138)
	at org.junit.platform.engine.support.hierarchical.NodeTestTask.execute(NodeTestTask.java:95)
	at java.base/java.util.ArrayList.forEach(ArrayList.java:1596)
	at org.junit.platform.engine.support.hierarchical.SameThreadHierarchicalTestExecutorService.invokeAll(SameThreadHierarchicalTestExecutorService.java:41)
	at org.junit.platform.engine.support.hierarchical.NodeTestTask.lambda$executeRecursively$6(NodeTestTask.java:155)
	at org.junit.platform.engine.support.hierarchical.ThrowableCollector.execute(ThrowableCollector.java:73)
	at org.junit.platform.engine.support.hierarchical.NodeTestTask.lambda$executeRecursively$8(NodeTestTask.java:141)
	at org.junit.platform.engine.support.hierarchical.Node.around(Node.java:137)
	at org.junit.platform.engine.support.hierarchical.NodeTestTask.lambda$executeRecursively$9(NodeTestTask.java:139)
	at org.junit.platform.engine.support.hierarchical.ThrowableCollector.execute(ThrowableCollector.java:73)
	at org.junit.platform.engine.support.hierarchical.NodeTestTask.executeRecursively(NodeTestTask.java:138)
	at org.junit.platform.engine.support.hierarchical.NodeTestTask.execute(NodeTestTask.java:95)
	at java.base/java.util.ArrayList.forEach(ArrayList.java:1596)
	at org.junit.platform.engine.support.hierarchical.SameThreadHierarchicalTestExecutorService.invokeAll(SameThreadHierarchicalTestExecutorService.java:41)
	at org.junit.platform.engine.support.hierarchical.NodeTestTask.lambda$executeRecursively$6(NodeTestTask.java:155)
	at org.junit.platform.engine.support.hierarchical.ThrowableCollector.execute(ThrowableCollector.java:73)
	at org.junit.platform.engine.support.hierarchical.NodeTestTask.lambda$executeRecursively$8(NodeTestTask.java:141)
	at org.junit.platform.engine.support.hierarchical.Node.around(Node.java:137)
	at org.junit.platform.engine.support.hierarchical.NodeTestTask.lambda$executeRecursively$9(NodeTestTask.java:139)
	at org.junit.platform.engine.support.hierarchical.ThrowableCollector.execute(ThrowableCollector.java:73)
	at org.junit.platform.engine.support.hierarchical.NodeTestTask.executeRecursively(NodeTestTask.java:138)
	at org.junit.platform.engine.support.hierarchical.NodeTestTask.execute(NodeTestTask.java:95)
	at org.junit.platform.engine.support.hierarchical.SameThreadHierarchicalTestExecutorService.submit(SameThreadHierarchicalTestExecutorService.java:35)
	at org.junit.platform.engine.support.hierarchical.HierarchicalTestExecutor.execute(HierarchicalTestExecutor.java:57)
	at org.junit.platform.engine.support.hierarchical.HierarchicalTestEngine.execute(HierarchicalTestEngine.java:54)
	at org.junit.platform.launcher.core.EngineExecutionOrchestrator.execute(EngineExecutionOrchestrator.java:107)
	at org.junit.platform.launcher.core.EngineExecutionOrchestrator.execute(EngineExecutionOrchestrator.java:88)
	at org.junit.platform.launcher.core.EngineExecutionOrchestrator.lambda$execute$0(EngineExecutionOrchestrator.java:54)
	at org.junit.platform.launcher.core.EngineExecutionOrchestrator.withInterceptedStreams(EngineExecutionOrchestrator.java:67)
	at org.junit.platform.launcher.core.EngineExecutionOrchestrator.execute(EngineExecutionOrchestrator.java:52)
	at org.junit.platform.launcher.core.DefaultLauncher.execute(DefaultLauncher.java:114)
	at org.junit.platform.launcher.core.DefaultLauncher.execute(DefaultLauncher.java:86)
	at org.junit.platform.launcher.core.DefaultLauncherSession$DelegatingLauncher.execute(DefaultLauncherSession.java:86)
	at org.gradle.api.internal.tasks.testing.junitplatform.JUnitPlatformTestClassProcessor$CollectAllTestClassesExecutor.processAllTestClasses(JUnitPlatformTestClassProcessor.java:124)
	at org.gradle.api.internal.tasks.testing.junitplatform.JUnitPlatformTestClassProcessor$CollectAllTestClassesExecutor.access$000(JUnitPlatformTestClassProcessor.java:99)
	at org.gradle.api.internal.tasks.testing.junitplatform.JUnitPlatformTestClassProcessor.stop(JUnitPlatformTestClassProcessor.java:94)
	at org.gradle.api.internal.tasks.testing.SuiteTestClassProcessor.stop(SuiteTestClassProcessor.java:63)
	at java.base/jdk.internal.reflect.DirectMethodHandleAccessor.invoke(DirectMethodHandleAccessor.java:103)
	at java.base/java.lang.reflect.Method.invoke(Method.java:580)
	at org.gradle.internal.dispatch.ReflectionDispatch.dispatch(ReflectionDispatch.java:36)
	at org.gradle.internal.dispatch.ReflectionDispatch.dispatch(ReflectionDispatch.java:24)
	at org.gradle.internal.dispatch.ContextClassLoaderDispatch.dispatch(ContextClassLoaderDispatch.java:33)
	at org.gradle.internal.dispatch.ProxyDispatchAdapter$DispatchingInvocationHandler.invoke(ProxyDispatchAdapter.java:92)
	at jdk.proxy1/jdk.proxy1.$Proxy4.stop(Unknown Source)
	at org.gradle.api.internal.tasks.testing.worker.TestWorker$3.run(TestWorker.java:200)
	at org.gradle.api.internal.tasks.testing.worker.TestWorker.executeAndMaintainThreadName(TestWorker.java:132)
	at org.gradle.api.internal.tasks.testing.worker.TestWorker.execute(TestWorker.java:103)
	at org.gradle.api.internal.tasks.testing.worker.TestWorker.execute(TestWorker.java:63)
	at org.gradle.process.internal.worker.child.ActionExecutionWorker.execute(ActionExecutionWorker.java:56)
	at org.gradle.process.internal.worker.child.SystemApplicationClassLoaderWorker.call(SystemApplicationClassLoaderWorker.java:121)
	at org.gradle.process.internal.worker.child.SystemApplicationClassLoaderWorker.call(SystemApplicationClassLoaderWorker.java:71)
	at worker.org.gradle.process.internal.worker.GradleWorkerMain.run(GradleWorkerMain.java:69)
	at worker.org.gradle.process.internal.worker.GradleWorkerMain.main(GradleWorkerMain.java:74)
[Test worker] 2025-04-03 11:18:29 ?[34mINFO ?[0;39m ?[36mc.t.l.r.t.t.T1Question1?[0;39m - Starting question1B 
[Test worker] 2025-04-03 11:18:29 ?[34mINFO ?[0;39m ?[36mr.M.P.4?[0;39m - | onSubscribe([Fuseable] MonoPeekTerminal.MonoTerminalPeekSubscriber) 
[Test worker] 2025-04-03 11:18:29 ?[34mINFO ?[0;39m ?[36mr.M.P.4?[0;39m - | request(unbounded) 
[Test worker] 2025-04-03 11:18:29 ?[34mINFO ?[0;39m ?[36mc.t.l.r.t.t.T1Question1?[0;39m - Finished question1B with result: UPDATED 
[Test worker] 2025-04-03 11:18:29 ?[34mINFO ?[0;39m ?[36mr.M.P.4?[0;39m - | onNext(UPDATED) 
[Test worker] 2025-04-03 11:18:29 ?[34mINFO ?[0;39m ?[36mr.M.P.4?[0;39m - | onComplete() 
[Test worker] 2025-04-03 11:18:29 ?[34mINFO ?[0;39m ?[36mc.t.l.r.t.t.T1Question1?[0;39m - Starting question1B 
[Test worker] 2025-04-03 11:18:29 ?[34mINFO ?[0;39m ?[36mr.M.P.5?[0;39m - | onSubscribe([Fuseable] MonoPeekTerminal.MonoTerminalPeekSubscriber) 
[Test worker] 2025-04-03 11:18:29 ?[34mINFO ?[0;39m ?[36mr.M.P.5?[0;39m - | request(unbounded) 
[Test worker] 2025-04-03 11:18:29 ?[34mINFO ?[0;39m ?[36mc.t.l.r.t.t.T1Question1?[0;39m - Finished question1B with result: INSERTED 
[Test worker] 2025-04-03 11:18:29 ?[34mINFO ?[0;39m ?[36mr.M.P.5?[0;39m - | onNext(INSERTED) 
[Test worker] 2025-04-03 11:18:29 ?[34mINFO ?[0;39m ?[36mr.M.P.5?[0;39m - | onComplete() 
[Test worker] 2025-04-03 11:18:29 ?[34mINFO ?[0;39m ?[36mc.t.l.r.t.t.T1Question1?[0;39m - Starting question1A 
[Test worker] 2025-04-03 11:18:29 ?[34mINFO ?[0;39m ?[36mr.M.P.6?[0;39m - | onSubscribe([Fuseable] MonoPeekTerminal.MonoTerminalPeekSubscriber) 
[Test worker] 2025-04-03 11:18:29 ?[34mINFO ?[0;39m ?[36mr.M.P.6?[0;39m - | request(unbounded) 
[Test worker] 2025-04-03 11:18:29 ?[34mINFO ?[0;39m ?[36mc.t.l.r.t.t.T1Question1?[0;39m - Finished question1A with result: 4 
[Test worker] 2025-04-03 11:18:29 ?[34mINFO ?[0;39m ?[36mr.M.P.6?[0;39m - | onNext(4) 
[Test worker] 2025-04-03 11:18:29 ?[34mINFO ?[0;39m ?[36mr.M.P.6?[0;39m - | onComplete() 
[Test worker] 2025-04-03 11:18:29 ?[34mINFO ?[0;39m ?[36mc.t.l.r.t.t.T1Question1?[0;39m - Starting question1A 
[Test worker] 2025-04-03 11:18:29 ?[34mINFO ?[0;39m ?[36mr.M.P.7?[0;39m - | onSubscribe([Fuseable] MonoPeekTerminal.MonoTerminalPeekSubscriber) 
[Test worker] 2025-04-03 11:18:29 ?[34mINFO ?[0;39m ?[36mr.M.P.7?[0;39m - | request(unbounded) 
[Test worker] 2025-04-03 11:18:29 ?[34mINFO ?[0;39m ?[36mc.t.l.r.t.t.T1Question1?[0;39m - Finished question1A with result: -1 
[Test worker] 2025-04-03 11:18:29 ?[34mINFO ?[0;39m ?[36mr.M.P.7?[0;39m - | onNext(-1) 
[Test worker] 2025-04-03 11:18:29 ?[34mINFO ?[0;39m ?[36mr.M.P.7?[0;39m - | onComplete() 
]]></system-out>
  <system-err><![CDATA[WARNING: A Java agent has been loaded dynamically (/Users/marcelo.guajardo/.gradle/caches/modules-2/files-2.1/net.bytebuddy/byte-buddy-agent/1.14.19/154da3a65b4f4a909d3e5bdec55d1b2b4cbb6ce1/byte-buddy-agent-1.14.19.jar)
WARNING: If a serviceability tool is in use, please run with -XX:+EnableDynamicAgentLoading to hide this warning
WARNING: If a serviceability tool is not in use, please run with -Djdk.instrument.traceUsage for more information
WARNING: Dynamic loading of agents will be disallowed by default in a future release
]]></system-err>
</testsuite>
