<?xml version="1.0" encoding="UTF-8"?>
<testsuite name="cl.tenpo.learning.reactive.tasks.task1.T1Question4Test" tests="1" skipped="0" failures="0" errors="0" timestamp="2025-04-03T14:18:29" hostname="MARGUA0225M" time="0.008">
  <properties/>
  <testcase name="PREGUNTA 4A - Países del mundo" classname="cl.tenpo.learning.reactive.tasks.task1.T1Question4Test" time="0.008"/>
  <system-out><![CDATA[[Test worker] 2025-04-03 11:18:29 ?[34mINFO ?[0;39m ?[36mc.t.l.r.t.t.T1Question4?[0;39m - Starting question4A: consuming 200 countries 
[Test worker] 2025-04-03 11:18:29 ?[34mINFO ?[0;39m ?[36mc.t.l.r.t.t.T1Question4?[0;39m - Country count: {Cuba=13, Argentina=20, Japan=15, China=17, Denmark=17, Brazil=14, Portugal=15, Switzerland=21, Russia=17, Croatia=17, Spain=18, India=16} 
[Test worker] 2025-04-03 11:18:29 ?[34mINFO ?[0;39m ?[36mr.Flux.Peek.17?[0;39m - onSubscribe(FluxPeek.PeekSubscriber) 
[Test worker] 2025-04-03 11:18:29 ?[34mINFO ?[0;39m ?[36mr.Flux.Peek.17?[0;39m - request(unbounded) 
[Test worker] 2025-04-03 11:18:29 ?[34mINFO ?[0;39m ?[36mr.Flux.Peek.17?[0;39m - onNext(Argentina) 
[Test worker] 2025-04-03 11:18:29 ?[34mINFO ?[0;39m ?[36mr.Flux.Peek.17?[0;39m - onNext(Brazil) 
[Test worker] 2025-04-03 11:18:29 ?[34mINFO ?[0;39m ?[36mr.Flux.Peek.17?[0;39m - onNext(China) 
[Test worker] 2025-04-03 11:18:29 ?[34mINFO ?[0;39m ?[36mr.Flux.Peek.17?[0;39m - onNext(Croatia) 
[Test worker] 2025-04-03 11:18:29 ?[34mINFO ?[0;39m ?[36mr.Flux.Peek.17?[0;39m - onNext(Cuba) 
[Test worker] 2025-04-03 11:18:29 ?[34mINFO ?[0;39m ?[36mr.Flux.Peek.17?[0;39m - onNext(Denmark) 
[Test worker] 2025-04-03 11:18:29 ?[34mINFO ?[0;39m ?[36mr.Flux.Peek.17?[0;39m - onNext(India) 
[Test worker] 2025-04-03 11:18:29 ?[34mINFO ?[0;39m ?[36mr.Flux.Peek.17?[0;39m - onNext(Japan) 
[Test worker] 2025-04-03 11:18:29 ?[34mINFO ?[0;39m ?[36mr.Flux.Peek.17?[0;39m - onNext(Portugal) 
[Test worker] 2025-04-03 11:18:29 ?[34mINFO ?[0;39m ?[36mr.Flux.Peek.17?[0;39m - onNext(Russia) 
[Test worker] 2025-04-03 11:18:29 ?[34mINFO ?[0;39m ?[36mr.Flux.Peek.17?[0;39m - onNext(Spain) 
[Test worker] 2025-04-03 11:18:29 ?[34mINFO ?[0;39m ?[36mr.Flux.Peek.17?[0;39m - onNext(Switzerland) 
[Test worker] 2025-04-03 11:18:29 ?[34mINFO ?[0;39m ?[36mc.t.l.r.t.t.T1Question4?[0;39m - Finished question4A with sorted unique countries 
[Test worker] 2025-04-03 11:18:29 ?[34mINFO ?[0;39m ?[36mr.Flux.Peek.17?[0;39m - onComplete() 
]]></system-out>
  <system-err><![CDATA[]]></system-err>
</testsuite>
